<?xml version="1.0" encoding="UTF-8"?>
<TestRun id="52a5ceb0-7732-4fb1-8e9c-c2afaa68f7c1" name="jtharpe@LTJTHARPE89730 2012-12-26 12:28:10" runUser="ROLLINS\jtharpe" xmlns="http://microsoft.com/schemas/VisualStudio/TeamTest/2010">
  <TestSettings name="Default Test Settings" id="b9c6f903-64b4-4347-830f-523b830b6928">
    <Deployment userDeploymentRoot="D:\opensrc\Rolcore\src\build-artifacts\test-results" useDefaultDeploymentRoot="false" runDeploymentRoot="jtharpe_LTJTHARPE89730 2012-12-26 12_28_10" />
    <Execution>
      <TestTypeSpecific />
      <AgentRule name="Execution Agents">
      </AgentRule>
    </Execution>
  </TestSettings>
  <Times creation="2012-12-26T12:28:10.7163592-05:00" queuing="2012-12-26T12:28:11.3023592-05:00" start="2012-12-26T12:28:11.4293592-05:00" finish="2012-12-26T12:28:12.0763592-05:00" />
  <ResultSummary outcome="Completed">
    <Counters total="28" executed="28" passed="28" error="0" failed="0" timeout="0" aborted="0" inconclusive="0" passedButRunAborted="0" notRunnable="0" notExecuted="0" disconnected="0" warning="0" completed="0" inProgress="0" pending="0" />
  </ResultSummary>
  <TestDefinitions>
    <UnitTest name="PickItemWith100PercentProbabilityTest" storage="d:\opensrc\rolcore\src\build-artifacts\rolcore.tests.dll" id="7519194b-814d-61c2-7972-1ffe6df61afd">
      <Execution id="a4b5903b-a462-4292-bb8a-f29a8ff0ee49" />
      <TestMethod codeBase="D:/opensrc/Rolcore/src/build-artifacts/Rolcore.Tests.DLL" adapterTypeName="Microsoft.VisualStudio.TestTools.TestTypes.Unit.UnitTestAdapter, Microsoft.VisualStudio.QualityTools.Tips.UnitTest.Adapter, Version=11.0.0.0, Culture=neutral, PublicKeyToken=b03f5f7f11d50a3a" className="Rolcore.Tests.RandomAssignmentExperimentTest, Rolcore.Tests, Version=0.0.4743.22443, Culture=neutral, PublicKeyToken=null" name="PickItemWith100PercentProbabilityTest" />
    </UnitTest>
    <UnitTest name="HtmlTag_ToRegExTest" storage="d:\opensrc\rolcore\src\build-artifacts\rolcore.tests.dll" id="4f00dec8-6c97-9628-6430-9ed7558e2d40">
      <Execution id="287220ac-fdd0-4880-b6dc-82eaffa2f436" />
      <TestMethod codeBase="D:/opensrc/Rolcore/src/build-artifacts/Rolcore.Tests.DLL" adapterTypeName="Microsoft.VisualStudio.TestTools.TestTypes.Unit.UnitTestAdapter, Microsoft.VisualStudio.QualityTools.Tips.UnitTest.Adapter, Version=11.0.0.0, Culture=neutral, PublicKeyToken=b03f5f7f11d50a3a" className="Rolcore.Tests.StringExtensionsTest, Rolcore.Tests, Version=0.0.4743.22443, Culture=neutral, PublicKeyToken=null" name="HtmlTag_ToRegExTest" />
    </UnitTest>
    <UnitTest name="DateRangeDefaultConstructorTest" storage="d:\opensrc\rolcore\src\build-artifacts\rolcore.tests.dll" id="800164f5-3286-3a8e-d1e1-2f2aaa9c3094">
      <Execution id="00f449f4-4a37-4465-a809-b88384edf285" />
      <TestMethod codeBase="D:/opensrc/Rolcore/src/build-artifacts/Rolcore.Tests.DLL" adapterTypeName="Microsoft.VisualStudio.TestTools.TestTypes.Unit.UnitTestAdapter, Microsoft.VisualStudio.QualityTools.Tips.UnitTest.Adapter, Version=11.0.0.0, Culture=neutral, PublicKeyToken=b03f5f7f11d50a3a" className="Rollins.Tests.DateRangeTest, Rolcore.Tests, Version=0.0.4743.22443, Culture=neutral, PublicKeyToken=null" name="DateRangeDefaultConstructorTest" />
    </UnitTest>
    <UnitTest name="GetMethodsWithAttributeInvalidAttributeTest" storage="d:\opensrc\rolcore\src\build-artifacts\rolcore.tests.dll" id="a024b88c-ef70-2f83-33ee-b427069fd14f">
      <Execution id="0acb52cd-3f83-4f96-a038-5c82c2e5ab41" />
      <TestMethod codeBase="D:/opensrc/Rolcore/src/build-artifacts/Rolcore.Tests.DLL" adapterTypeName="Microsoft.VisualStudio.TestTools.TestTypes.Unit.UnitTestAdapter, Microsoft.VisualStudio.QualityTools.Tips.UnitTest.Adapter, Version=11.0.0.0, Culture=neutral, PublicKeyToken=b03f5f7f11d50a3a" className="Rolcore.Tests.ObjectExtensionsTest, Rolcore.Tests, Version=0.0.4743.22443, Culture=neutral, PublicKeyToken=null" name="GetMethodsWithAttributeInvalidAttributeTest" />
    </UnitTest>
    <UnitTest name="IsInUsaPostalCodeFormatTest" storage="d:\opensrc\rolcore\src\build-artifacts\rolcore.tests.dll" id="e97b3792-b9ef-9281-fe66-e4c51bc04bfb">
      <Execution id="1ff37842-4978-4aa1-9ed4-e3a34d128a65" />
      <TestMethod codeBase="D:/opensrc/Rolcore/src/build-artifacts/Rolcore.Tests.DLL" adapterTypeName="Microsoft.VisualStudio.TestTools.TestTypes.Unit.UnitTestAdapter, Microsoft.VisualStudio.QualityTools.Tips.UnitTest.Adapter, Version=11.0.0.0, Culture=neutral, PublicKeyToken=b03f5f7f11d50a3a" className="Rolcore.Tests.StringExtensionsTest, Rolcore.Tests, Version=0.0.4743.22443, Culture=neutral, PublicKeyToken=null" name="IsInUsaPostalCodeFormatTest" />
    </UnitTest>
    <UnitTest name="GetPropertyValueTest" storage="d:\opensrc\rolcore\src\build-artifacts\rolcore.tests.dll" id="3df89845-2a4b-4282-373a-01ab1e5b04b2">
      <Execution id="00a7e488-1e0d-4733-87e0-4291e0d2ad0a" />
      <TestMethod codeBase="D:/opensrc/Rolcore/src/build-artifacts/Rolcore.Tests.DLL" adapterTypeName="Microsoft.VisualStudio.TestTools.TestTypes.Unit.UnitTestAdapter, Microsoft.VisualStudio.QualityTools.Tips.UnitTest.Adapter, Version=11.0.0.0, Culture=neutral, PublicKeyToken=b03f5f7f11d50a3a" className="Rolcore.Tests.ReflectionUtilsTest, Rolcore.Tests, Version=0.0.4743.22443, Culture=neutral, PublicKeyToken=null" name="GetPropertyValueTest" />
    </UnitTest>
    <UnitTest name="RepeatNegativeTest" storage="d:\opensrc\rolcore\src\build-artifacts\rolcore.tests.dll" id="610a2533-4198-f593-aadf-94aea8e29944">
      <Execution id="eabb239b-1cea-4af6-8f45-5802b7f4a717" />
      <TestMethod codeBase="D:/opensrc/Rolcore/src/build-artifacts/Rolcore.Tests.DLL" adapterTypeName="Microsoft.VisualStudio.TestTools.TestTypes.Unit.UnitTestAdapter, Microsoft.VisualStudio.QualityTools.Tips.UnitTest.Adapter, Version=11.0.0.0, Culture=neutral, PublicKeyToken=b03f5f7f11d50a3a" className="Rolcore.Tests.StringExtensionsTest, Rolcore.Tests, Version=0.0.4743.22443, Culture=neutral, PublicKeyToken=null" name="RepeatNegativeTest" />
    </UnitTest>
    <UnitTest name="Repeat1Test" storage="d:\opensrc\rolcore\src\build-artifacts\rolcore.tests.dll" id="fe71f096-0078-4cde-459a-1d2651154a25">
      <Execution id="fe95b3d7-0852-4381-afe3-59ee563b9f3c" />
      <TestMethod codeBase="D:/opensrc/Rolcore/src/build-artifacts/Rolcore.Tests.DLL" adapterTypeName="Microsoft.VisualStudio.TestTools.TestTypes.Unit.UnitTestAdapter, Microsoft.VisualStudio.QualityTools.Tips.UnitTest.Adapter, Version=11.0.0.0, Culture=neutral, PublicKeyToken=b03f5f7f11d50a3a" className="Rolcore.Tests.StringExtensionsTest, Rolcore.Tests, Version=0.0.4743.22443, Culture=neutral, PublicKeyToken=null" name="Repeat1Test" />
    </UnitTest>
    <UnitTest name="TodayTest" storage="d:\opensrc\rolcore\src\build-artifacts\rolcore.tests.dll" id="5561da94-2641-c456-79b0-89f07f806709">
      <Execution id="32a1a058-ebd9-4579-9214-552fd38dbe99" />
      <TestMethod codeBase="D:/opensrc/Rolcore/src/build-artifacts/Rolcore.Tests.DLL" adapterTypeName="Microsoft.VisualStudio.TestTools.TestTypes.Unit.UnitTestAdapter, Microsoft.VisualStudio.QualityTools.Tips.UnitTest.Adapter, Version=11.0.0.0, Culture=neutral, PublicKeyToken=b03f5f7f11d50a3a" className="Rollins.Tests.DateRangeTest, Rolcore.Tests, Version=0.0.4743.22443, Culture=neutral, PublicKeyToken=null" name="TodayTest" />
    </UnitTest>
    <UnitTest name="IntersectsTest" storage="d:\opensrc\rolcore\src\build-artifacts\rolcore.tests.dll" id="1c3185f3-a770-e006-1304-3a67f8e5ab65">
      <Execution id="67a12176-3191-4db1-afbc-71c964284ec8" />
      <TestMethod codeBase="D:/opensrc/Rolcore/src/build-artifacts/Rolcore.Tests.DLL" adapterTypeName="Microsoft.VisualStudio.TestTools.TestTypes.Unit.UnitTestAdapter, Microsoft.VisualStudio.QualityTools.Tips.UnitTest.Adapter, Version=11.0.0.0, Culture=neutral, PublicKeyToken=b03f5f7f11d50a3a" className="Rollins.Tests.DateRangeTest, Rolcore.Tests, Version=0.0.4743.22443, Culture=neutral, PublicKeyToken=null" name="IntersectsTest" />
    </UnitTest>
    <UnitTest name="SetPropertyValueTest" storage="d:\opensrc\rolcore\src\build-artifacts\rolcore.tests.dll" id="17cb2427-60b3-0a23-27ba-f218a5cdaa43">
      <Execution id="81cbdbc7-f2c8-4767-b72f-3949a28ec457" />
      <TestMethod codeBase="D:/opensrc/Rolcore/src/build-artifacts/Rolcore.Tests.DLL" adapterTypeName="Microsoft.VisualStudio.TestTools.TestTypes.Unit.UnitTestAdapter, Microsoft.VisualStudio.QualityTools.Tips.UnitTest.Adapter, Version=11.0.0.0, Culture=neutral, PublicKeyToken=b03f5f7f11d50a3a" className="Rolcore.Tests.ReflectionUtilsTest, Rolcore.Tests, Version=0.0.4743.22443, Culture=neutral, PublicKeyToken=null" name="SetPropertyValueTest" />
    </UnitTest>
    <UnitTest name="EqualsTest" storage="d:\opensrc\rolcore\src\build-artifacts\rolcore.tests.dll" id="9b8acf7f-9042-0b1f-16f6-a06209de14c3">
      <Execution id="f41225f8-c44e-4495-864c-8ccdbc9cc004" />
      <TestMethod codeBase="D:/opensrc/Rolcore/src/build-artifacts/Rolcore.Tests.DLL" adapterTypeName="Microsoft.VisualStudio.TestTools.TestTypes.Unit.UnitTestAdapter, Microsoft.VisualStudio.QualityTools.Tips.UnitTest.Adapter, Version=11.0.0.0, Culture=neutral, PublicKeyToken=b03f5f7f11d50a3a" className="Rollins.Tests.DateRangeTest, Rolcore.Tests, Version=0.0.4743.22443, Culture=neutral, PublicKeyToken=null" name="EqualsTest" />
    </UnitTest>
    <UnitTest name="NowTest" storage="d:\opensrc\rolcore\src\build-artifacts\rolcore.tests.dll" id="068cbdd4-a886-5d49-ed01-a47182e4c911">
      <Execution id="0e1cfd9f-2179-4765-82c2-0ef004bb826b" />
      <TestMethod codeBase="D:/opensrc/Rolcore/src/build-artifacts/Rolcore.Tests.DLL" adapterTypeName="Microsoft.VisualStudio.TestTools.TestTypes.Unit.UnitTestAdapter, Microsoft.VisualStudio.QualityTools.Tips.UnitTest.Adapter, Version=11.0.0.0, Culture=neutral, PublicKeyToken=b03f5f7f11d50a3a" className="Rollins.Tests.DateRangeTest, Rolcore.Tests, Version=0.0.4743.22443, Culture=neutral, PublicKeyToken=null" name="NowTest" />
    </UnitTest>
    <UnitTest name="OddsDenominatorTest" storage="d:\opensrc\rolcore\src\build-artifacts\rolcore.tests.dll" id="17256c8f-cdf6-2978-d2dd-fbe9397ae378">
      <Execution id="19e8ee9e-41d4-427e-b182-0587735d6bec" />
      <TestMethod codeBase="D:/opensrc/Rolcore/src/build-artifacts/Rolcore.Tests.DLL" adapterTypeName="Microsoft.VisualStudio.TestTools.TestTypes.Unit.UnitTestAdapter, Microsoft.VisualStudio.QualityTools.Tips.UnitTest.Adapter, Version=11.0.0.0, Culture=neutral, PublicKeyToken=b03f5f7f11d50a3a" className="Rolcore.Tests.RandomAssignmentExperimentTest, Rolcore.Tests, Version=0.0.4743.22443, Culture=neutral, PublicKeyToken=null" name="OddsDenominatorTest" />
    </UnitTest>
    <UnitTest name="ShuffleTest" storage="d:\opensrc\rolcore\src\build-artifacts\rolcore.tests.dll" id="74d7582c-73c1-995c-e7e0-effa5fe4379e">
      <Execution id="74ff33fc-5f3f-4e6a-8fe7-7fedfc068a01" />
      <TestMethod codeBase="D:/opensrc/Rolcore/src/build-artifacts/Rolcore.Tests.DLL" adapterTypeName="Microsoft.VisualStudio.TestTools.TestTypes.Unit.UnitTestAdapter, Microsoft.VisualStudio.QualityTools.Tips.UnitTest.Adapter, Version=11.0.0.0, Culture=neutral, PublicKeyToken=b03f5f7f11d50a3a" className="Rolcore.Tests.ListExtensionMethodsTest, Rolcore.Tests, Version=0.0.4743.22443, Culture=neutral, PublicKeyToken=null" name="ShuffleTest" />
    </UnitTest>
    <UnitTest name="DateRangeConstructorTest" storage="d:\opensrc\rolcore\src\build-artifacts\rolcore.tests.dll" id="92357ece-3679-698c-03d2-57e6232042d9">
      <Execution id="d19b0624-80cc-4629-97da-323a4b6f9bc0" />
      <TestMethod codeBase="D:/opensrc/Rolcore/src/build-artifacts/Rolcore.Tests.DLL" adapterTypeName="Microsoft.VisualStudio.TestTools.TestTypes.Unit.UnitTestAdapter, Microsoft.VisualStudio.QualityTools.Tips.UnitTest.Adapter, Version=11.0.0.0, Culture=neutral, PublicKeyToken=b03f5f7f11d50a3a" className="Rollins.Tests.DateRangeTest, Rolcore.Tests, Version=0.0.4743.22443, Culture=neutral, PublicKeyToken=null" name="DateRangeConstructorTest" />
    </UnitTest>
    <UnitTest name="GetIntersectionTest" storage="d:\opensrc\rolcore\src\build-artifacts\rolcore.tests.dll" id="8f3f0b16-2417-924c-06b0-2e14fb354fb1">
      <Execution id="c90d43de-e210-4016-9b89-529ef2577423" />
      <TestMethod codeBase="D:/opensrc/Rolcore/src/build-artifacts/Rolcore.Tests.DLL" adapterTypeName="Microsoft.VisualStudio.TestTools.TestTypes.Unit.UnitTestAdapter, Microsoft.VisualStudio.QualityTools.Tips.UnitTest.Adapter, Version=11.0.0.0, Culture=neutral, PublicKeyToken=b03f5f7f11d50a3a" className="Rollins.Tests.DateRangeTest, Rolcore.Tests, Version=0.0.4743.22443, Culture=neutral, PublicKeyToken=null" name="GetIntersectionTest" />
    </UnitTest>
    <UnitTest name="CopyMatchingObjectPropertiesToTest" storage="d:\opensrc\rolcore\src\build-artifacts\rolcore.tests.dll" id="aa982019-6a2d-ba07-bd87-d9ea501b4410">
      <Execution id="e124acc4-2d19-4fa1-a70d-5751b0ae669b" />
      <TestMethod codeBase="D:/opensrc/Rolcore/src/build-artifacts/Rolcore.Tests.DLL" adapterTypeName="Microsoft.VisualStudio.TestTools.TestTypes.Unit.UnitTestAdapter, Microsoft.VisualStudio.QualityTools.Tips.UnitTest.Adapter, Version=11.0.0.0, Culture=neutral, PublicKeyToken=b03f5f7f11d50a3a" className="Rolcore.Tests.ObjectExtensionsTest, Rolcore.Tests, Version=0.0.4743.22443, Culture=neutral, PublicKeyToken=null" name="CopyMatchingObjectPropertiesToTest" />
    </UnitTest>
    <UnitTest name="OccursWithinTest" storage="d:\opensrc\rolcore\src\build-artifacts\rolcore.tests.dll" id="1563af31-79ad-79c6-a134-e91d0d15592b">
      <Execution id="c0247305-e078-4273-9c09-a615be403baf" />
      <TestMethod codeBase="D:/opensrc/Rolcore/src/build-artifacts/Rolcore.Tests.DLL" adapterTypeName="Microsoft.VisualStudio.TestTools.TestTypes.Unit.UnitTestAdapter, Microsoft.VisualStudio.QualityTools.Tips.UnitTest.Adapter, Version=11.0.0.0, Culture=neutral, PublicKeyToken=b03f5f7f11d50a3a" className="Rollins.Tests.DateRangeTest, Rolcore.Tests, Version=0.0.4743.22443, Culture=neutral, PublicKeyToken=null" name="OccursWithinTest" />
    </UnitTest>
    <UnitTest name="FirstTest" storage="d:\opensrc\rolcore\src\build-artifacts\rolcore.tests.dll" id="6e2d40e4-6eee-996c-8440-3ee1a8dc374c">
      <Execution id="89f2b3fe-cdae-4d4e-8060-edb8635a4ed0" />
      <TestMethod codeBase="D:/opensrc/Rolcore/src/build-artifacts/Rolcore.Tests.DLL" adapterTypeName="Microsoft.VisualStudio.TestTools.TestTypes.Unit.UnitTestAdapter, Microsoft.VisualStudio.QualityTools.Tips.UnitTest.Adapter, Version=11.0.0.0, Culture=neutral, PublicKeyToken=b03f5f7f11d50a3a" className="Rolcore.Tests.StringExtensionsTest, Rolcore.Tests, Version=0.0.4743.22443, Culture=neutral, PublicKeyToken=null" name="FirstTest" />
    </UnitTest>
    <UnitTest name="ToUsa5DigitPostalCodeTest" storage="d:\opensrc\rolcore\src\build-artifacts\rolcore.tests.dll" id="7653970c-08de-a115-c22a-116a85a6fedd">
      <Execution id="6137c5f0-6c85-4289-97aa-9744dc27cac9" />
      <TestMethod codeBase="D:/opensrc/Rolcore/src/build-artifacts/Rolcore.Tests.DLL" adapterTypeName="Microsoft.VisualStudio.TestTools.TestTypes.Unit.UnitTestAdapter, Microsoft.VisualStudio.QualityTools.Tips.UnitTest.Adapter, Version=11.0.0.0, Culture=neutral, PublicKeyToken=b03f5f7f11d50a3a" className="Rolcore.Tests.IntExtensionsTest, Rolcore.Tests, Version=0.0.4743.22443, Culture=neutral, PublicKeyToken=null" name="ToUsa5DigitPostalCodeTest" />
    </UnitTest>
    <UnitTest name="TimeSpanTest" storage="d:\opensrc\rolcore\src\build-artifacts\rolcore.tests.dll" id="b864f854-d0ee-a524-48bd-d09efb4bfdf8">
      <Execution id="4e2cea1d-d2a4-4e76-af04-41bfc823bb54" />
      <TestMethod codeBase="D:/opensrc/Rolcore/src/build-artifacts/Rolcore.Tests.DLL" adapterTypeName="Microsoft.VisualStudio.TestTools.TestTypes.Unit.UnitTestAdapter, Microsoft.VisualStudio.QualityTools.Tips.UnitTest.Adapter, Version=11.0.0.0, Culture=neutral, PublicKeyToken=b03f5f7f11d50a3a" className="Rollins.Tests.DateRangeTest, Rolcore.Tests, Version=0.0.4743.22443, Culture=neutral, PublicKeyToken=null" name="TimeSpanTest" />
    </UnitTest>
    <UnitTest name="ToReadOnlyTest" storage="d:\opensrc\rolcore\src\build-artifacts\rolcore.tests.dll" id="ea53a791-b881-0d48-4290-b64ee4b803d7">
      <Execution id="8789c2e7-4444-4bc3-986a-ee9b0cce3108" />
      <TestMethod codeBase="D:/opensrc/Rolcore/src/build-artifacts/Rolcore.Tests.DLL" adapterTypeName="Microsoft.VisualStudio.TestTools.TestTypes.Unit.UnitTestAdapter, Microsoft.VisualStudio.QualityTools.Tips.UnitTest.Adapter, Version=11.0.0.0, Culture=neutral, PublicKeyToken=b03f5f7f11d50a3a" className="Rolcore.Tests.NameValueCollectionExTest, Rolcore.Tests, Version=0.0.4743.22443, Culture=neutral, PublicKeyToken=null" name="ToReadOnlyTest" />
    </UnitTest>
    <UnitTest name="PickItemWithUnevenProbabilityTest" storage="d:\opensrc\rolcore\src\build-artifacts\rolcore.tests.dll" id="88749cb4-1710-fcbb-4ab2-d1ddf604bc67">
      <Execution id="4b0367ef-8c15-432b-afc2-f95be8148264" />
      <TestMethod codeBase="D:/opensrc/Rolcore/src/build-artifacts/Rolcore.Tests.DLL" adapterTypeName="Microsoft.VisualStudio.TestTools.TestTypes.Unit.UnitTestAdapter, Microsoft.VisualStudio.QualityTools.Tips.UnitTest.Adapter, Version=11.0.0.0, Culture=neutral, PublicKeyToken=b03f5f7f11d50a3a" className="Rolcore.Tests.RandomAssignmentExperimentTest, Rolcore.Tests, Version=0.0.4743.22443, Culture=neutral, PublicKeyToken=null" name="PickItemWithUnevenProbabilityTest" />
    </UnitTest>
    <UnitTest name="Repeat2Test" storage="d:\opensrc\rolcore\src\build-artifacts\rolcore.tests.dll" id="3b5ed987-9325-7d71-2325-56cac9ecc9da">
      <Execution id="f544a522-6079-48fa-8329-ba13b6befc38" />
      <TestMethod codeBase="D:/opensrc/Rolcore/src/build-artifacts/Rolcore.Tests.DLL" adapterTypeName="Microsoft.VisualStudio.TestTools.TestTypes.Unit.UnitTestAdapter, Microsoft.VisualStudio.QualityTools.Tips.UnitTest.Adapter, Version=11.0.0.0, Culture=neutral, PublicKeyToken=b03f5f7f11d50a3a" className="Rolcore.Tests.StringExtensionsTest, Rolcore.Tests, Version=0.0.4743.22443, Culture=neutral, PublicKeyToken=null" name="Repeat2Test" />
    </UnitTest>
    <UnitTest name="Repeat0Test" storage="d:\opensrc\rolcore\src\build-artifacts\rolcore.tests.dll" id="55375cda-82df-e17e-51d9-745a75c14353">
      <Execution id="21f6008d-8cc5-4b1f-969d-3f4a9b27c0e8" />
      <TestMethod codeBase="D:/opensrc/Rolcore/src/build-artifacts/Rolcore.Tests.DLL" adapterTypeName="Microsoft.VisualStudio.TestTools.TestTypes.Unit.UnitTestAdapter, Microsoft.VisualStudio.QualityTools.Tips.UnitTest.Adapter, Version=11.0.0.0, Culture=neutral, PublicKeyToken=b03f5f7f11d50a3a" className="Rolcore.Tests.StringExtensionsTest, Rolcore.Tests, Version=0.0.4743.22443, Culture=neutral, PublicKeyToken=null" name="Repeat0Test" />
    </UnitTest>
    <UnitTest name="GetMethodsWithAttributeNotIneritedTest" storage="d:\opensrc\rolcore\src\build-artifacts\rolcore.tests.dll" id="11bf31ff-f5b8-845b-3f83-69f806ab4f74">
      <Execution id="60ae7044-6c66-4d16-abdf-7c9d38ad8316" />
      <TestMethod codeBase="D:/opensrc/Rolcore/src/build-artifacts/Rolcore.Tests.DLL" adapterTypeName="Microsoft.VisualStudio.TestTools.TestTypes.Unit.UnitTestAdapter, Microsoft.VisualStudio.QualityTools.Tips.UnitTest.Adapter, Version=11.0.0.0, Culture=neutral, PublicKeyToken=b03f5f7f11d50a3a" className="Rolcore.Tests.ObjectExtensionsTest, Rolcore.Tests, Version=0.0.4743.22443, Culture=neutral, PublicKeyToken=null" name="GetMethodsWithAttributeNotIneritedTest" />
    </UnitTest>
    <UnitTest name="DuplicatesTest" storage="d:\opensrc\rolcore\src\build-artifacts\rolcore.tests.dll" id="6c2f17a6-1076-ee82-8adb-2f9b1a3e9845">
      <Execution id="a43ecaff-1556-4a5c-8d43-32c0691b6646" />
      <TestMethod codeBase="D:/opensrc/Rolcore/src/build-artifacts/Rolcore.Tests.DLL" adapterTypeName="Microsoft.VisualStudio.TestTools.TestTypes.Unit.UnitTestAdapter, Microsoft.VisualStudio.QualityTools.Tips.UnitTest.Adapter, Version=11.0.0.0, Culture=neutral, PublicKeyToken=b03f5f7f11d50a3a" className="Rolcore.Tests.ListExtensionMethodsTest, Rolcore.Tests, Version=0.0.4743.22443, Culture=neutral, PublicKeyToken=null" name="DuplicatesTest" />
    </UnitTest>
  </TestDefinitions>
  <TestLists>
    <TestList name="Results Not in a List" id="8c84fa94-04c1-424b-9868-57a2d4851a1d" />
    <TestList name="All Loaded Results" id="19431567-8539-422a-85d7-44ee4e166bda" />
  </TestLists>
  <TestEntries>
    <TestEntry testId="7653970c-08de-a115-c22a-116a85a6fedd" executionId="6137c5f0-6c85-4289-97aa-9744dc27cac9" testListId="8c84fa94-04c1-424b-9868-57a2d4851a1d" />
    <TestEntry testId="6c2f17a6-1076-ee82-8adb-2f9b1a3e9845" executionId="a43ecaff-1556-4a5c-8d43-32c0691b6646" testListId="8c84fa94-04c1-424b-9868-57a2d4851a1d" />
    <TestEntry testId="74d7582c-73c1-995c-e7e0-effa5fe4379e" executionId="74ff33fc-5f3f-4e6a-8fe7-7fedfc068a01" testListId="8c84fa94-04c1-424b-9868-57a2d4851a1d" />
    <TestEntry testId="ea53a791-b881-0d48-4290-b64ee4b803d7" executionId="8789c2e7-4444-4bc3-986a-ee9b0cce3108" testListId="8c84fa94-04c1-424b-9868-57a2d4851a1d" />
    <TestEntry testId="aa982019-6a2d-ba07-bd87-d9ea501b4410" executionId="e124acc4-2d19-4fa1-a70d-5751b0ae669b" testListId="8c84fa94-04c1-424b-9868-57a2d4851a1d" />
    <TestEntry testId="a024b88c-ef70-2f83-33ee-b427069fd14f" executionId="0acb52cd-3f83-4f96-a038-5c82c2e5ab41" testListId="8c84fa94-04c1-424b-9868-57a2d4851a1d" />
    <TestEntry testId="11bf31ff-f5b8-845b-3f83-69f806ab4f74" executionId="60ae7044-6c66-4d16-abdf-7c9d38ad8316" testListId="8c84fa94-04c1-424b-9868-57a2d4851a1d" />
    <TestEntry testId="17256c8f-cdf6-2978-d2dd-fbe9397ae378" executionId="19e8ee9e-41d4-427e-b182-0587735d6bec" testListId="8c84fa94-04c1-424b-9868-57a2d4851a1d" />
    <TestEntry testId="7519194b-814d-61c2-7972-1ffe6df61afd" executionId="a4b5903b-a462-4292-bb8a-f29a8ff0ee49" testListId="8c84fa94-04c1-424b-9868-57a2d4851a1d" />
    <TestEntry testId="88749cb4-1710-fcbb-4ab2-d1ddf604bc67" executionId="4b0367ef-8c15-432b-afc2-f95be8148264" testListId="8c84fa94-04c1-424b-9868-57a2d4851a1d" />
    <TestEntry testId="3df89845-2a4b-4282-373a-01ab1e5b04b2" executionId="00a7e488-1e0d-4733-87e0-4291e0d2ad0a" testListId="8c84fa94-04c1-424b-9868-57a2d4851a1d" />
    <TestEntry testId="17cb2427-60b3-0a23-27ba-f218a5cdaa43" executionId="81cbdbc7-f2c8-4767-b72f-3949a28ec457" testListId="8c84fa94-04c1-424b-9868-57a2d4851a1d" />
    <TestEntry testId="6e2d40e4-6eee-996c-8440-3ee1a8dc374c" executionId="89f2b3fe-cdae-4d4e-8060-edb8635a4ed0" testListId="8c84fa94-04c1-424b-9868-57a2d4851a1d" />
    <TestEntry testId="4f00dec8-6c97-9628-6430-9ed7558e2d40" executionId="287220ac-fdd0-4880-b6dc-82eaffa2f436" testListId="8c84fa94-04c1-424b-9868-57a2d4851a1d" />
    <TestEntry testId="e97b3792-b9ef-9281-fe66-e4c51bc04bfb" executionId="1ff37842-4978-4aa1-9ed4-e3a34d128a65" testListId="8c84fa94-04c1-424b-9868-57a2d4851a1d" />
    <TestEntry testId="55375cda-82df-e17e-51d9-745a75c14353" executionId="21f6008d-8cc5-4b1f-969d-3f4a9b27c0e8" testListId="8c84fa94-04c1-424b-9868-57a2d4851a1d" />
    <TestEntry testId="fe71f096-0078-4cde-459a-1d2651154a25" executionId="fe95b3d7-0852-4381-afe3-59ee563b9f3c" testListId="8c84fa94-04c1-424b-9868-57a2d4851a1d" />
    <TestEntry testId="3b5ed987-9325-7d71-2325-56cac9ecc9da" executionId="f544a522-6079-48fa-8329-ba13b6befc38" testListId="8c84fa94-04c1-424b-9868-57a2d4851a1d" />
    <TestEntry testId="610a2533-4198-f593-aadf-94aea8e29944" executionId="eabb239b-1cea-4af6-8f45-5802b7f4a717" testListId="8c84fa94-04c1-424b-9868-57a2d4851a1d" />
    <TestEntry testId="92357ece-3679-698c-03d2-57e6232042d9" executionId="d19b0624-80cc-4629-97da-323a4b6f9bc0" testListId="8c84fa94-04c1-424b-9868-57a2d4851a1d" />
    <TestEntry testId="800164f5-3286-3a8e-d1e1-2f2aaa9c3094" executionId="00f449f4-4a37-4465-a809-b88384edf285" testListId="8c84fa94-04c1-424b-9868-57a2d4851a1d" />
    <TestEntry testId="9b8acf7f-9042-0b1f-16f6-a06209de14c3" executionId="f41225f8-c44e-4495-864c-8ccdbc9cc004" testListId="8c84fa94-04c1-424b-9868-57a2d4851a1d" />
    <TestEntry testId="8f3f0b16-2417-924c-06b0-2e14fb354fb1" executionId="c90d43de-e210-4016-9b89-529ef2577423" testListId="8c84fa94-04c1-424b-9868-57a2d4851a1d" />
    <TestEntry testId="1c3185f3-a770-e006-1304-3a67f8e5ab65" executionId="67a12176-3191-4db1-afbc-71c964284ec8" testListId="8c84fa94-04c1-424b-9868-57a2d4851a1d" />
    <TestEntry testId="068cbdd4-a886-5d49-ed01-a47182e4c911" executionId="0e1cfd9f-2179-4765-82c2-0ef004bb826b" testListId="8c84fa94-04c1-424b-9868-57a2d4851a1d" />
    <TestEntry testId="1563af31-79ad-79c6-a134-e91d0d15592b" executionId="c0247305-e078-4273-9c09-a615be403baf" testListId="8c84fa94-04c1-424b-9868-57a2d4851a1d" />
    <TestEntry testId="b864f854-d0ee-a524-48bd-d09efb4bfdf8" executionId="4e2cea1d-d2a4-4e76-af04-41bfc823bb54" testListId="8c84fa94-04c1-424b-9868-57a2d4851a1d" />
    <TestEntry testId="5561da94-2641-c456-79b0-89f07f806709" executionId="32a1a058-ebd9-4579-9214-552fd38dbe99" testListId="8c84fa94-04c1-424b-9868-57a2d4851a1d" />
  </TestEntries>
  <Results>
    <UnitTestResult executionId="6137c5f0-6c85-4289-97aa-9744dc27cac9" testId="7653970c-08de-a115-c22a-116a85a6fedd" testName="ToUsa5DigitPostalCodeTest" computerName="LTJTHARPE89730" duration="00:00:00.0467999" startTime="2012-12-26T12:28:11.4753592-05:00" endTime="2012-12-26T12:28:11.8093592-05:00" testType="13cdc9d9-ddb5-4fa4-a97d-d965ccfc6d4b" outcome="Passed" testListId="8c84fa94-04c1-424b-9868-57a2d4851a1d" relativeResultsDirectory="6137c5f0-6c85-4289-97aa-9744dc27cac9">
    </UnitTestResult>
    <UnitTestResult executionId="a43ecaff-1556-4a5c-8d43-32c0691b6646" testId="6c2f17a6-1076-ee82-8adb-2f9b1a3e9845" testName="DuplicatesTest" computerName="LTJTHARPE89730" duration="00:00:00.0056697" startTime="2012-12-26T12:28:11.8123592-05:00" endTime="2012-12-26T12:28:11.8213592-05:00" testType="13cdc9d9-ddb5-4fa4-a97d-d965ccfc6d4b" outcome="Passed" testListId="8c84fa94-04c1-424b-9868-57a2d4851a1d" relativeResultsDirectory="a43ecaff-1556-4a5c-8d43-32c0691b6646">
    </UnitTestResult>
    <UnitTestResult executionId="74ff33fc-5f3f-4e6a-8fe7-7fedfc068a01" testId="74d7582c-73c1-995c-e7e0-effa5fe4379e" testName="ShuffleTest" computerName="LTJTHARPE89730" duration="00:00:00.0021887" startTime="2012-12-26T12:28:11.8283592-05:00" endTime="2012-12-26T12:28:11.8343592-05:00" testType="13cdc9d9-ddb5-4fa4-a97d-d965ccfc6d4b" outcome="Passed" testListId="8c84fa94-04c1-424b-9868-57a2d4851a1d" relativeResultsDirectory="74ff33fc-5f3f-4e6a-8fe7-7fedfc068a01">
    </UnitTestResult>
    <UnitTestResult executionId="8789c2e7-4444-4bc3-986a-ee9b0cce3108" testId="ea53a791-b881-0d48-4290-b64ee4b803d7" testName="ToReadOnlyTest" computerName="LTJTHARPE89730" duration="00:00:00.0048181" startTime="2012-12-26T12:28:11.8383592-05:00" endTime="2012-12-26T12:28:11.8483592-05:00" testType="13cdc9d9-ddb5-4fa4-a97d-d965ccfc6d4b" outcome="Passed" testListId="8c84fa94-04c1-424b-9868-57a2d4851a1d" relativeResultsDirectory="8789c2e7-4444-4bc3-986a-ee9b0cce3108">
    </UnitTestResult>
    <UnitTestResult executionId="e124acc4-2d19-4fa1-a70d-5751b0ae669b" testId="aa982019-6a2d-ba07-bd87-d9ea501b4410" testName="CopyMatchingObjectPropertiesToTest" computerName="LTJTHARPE89730" duration="00:00:00.0112731" startTime="2012-12-26T12:28:11.8513592-05:00" endTime="2012-12-26T12:28:11.8653592-05:00" testType="13cdc9d9-ddb5-4fa4-a97d-d965ccfc6d4b" outcome="Passed" testListId="8c84fa94-04c1-424b-9868-57a2d4851a1d" relativeResultsDirectory="e124acc4-2d19-4fa1-a70d-5751b0ae669b">
    </UnitTestResult>
    <UnitTestResult executionId="0acb52cd-3f83-4f96-a038-5c82c2e5ab41" testId="a024b88c-ef70-2f83-33ee-b427069fd14f" testName="GetMethodsWithAttributeInvalidAttributeTest" computerName="LTJTHARPE89730" duration="00:00:00.0017434" startTime="2012-12-26T12:28:11.8683592-05:00" endTime="2012-12-26T12:28:11.8723592-05:00" testType="13cdc9d9-ddb5-4fa4-a97d-d965ccfc6d4b" outcome="Passed" testListId="8c84fa94-04c1-424b-9868-57a2d4851a1d" relativeResultsDirectory="0acb52cd-3f83-4f96-a038-5c82c2e5ab41">
    </UnitTestResult>
    <UnitTestResult executionId="60ae7044-6c66-4d16-abdf-7c9d38ad8316" testId="11bf31ff-f5b8-845b-3f83-69f806ab4f74" testName="GetMethodsWithAttributeNotIneritedTest" computerName="LTJTHARPE89730" duration="00:00:00.0007313" startTime="2012-12-26T12:28:11.8753592-05:00" endTime="2012-12-26T12:28:11.8783592-05:00" testType="13cdc9d9-ddb5-4fa4-a97d-d965ccfc6d4b" outcome="Passed" testListId="8c84fa94-04c1-424b-9868-57a2d4851a1d" relativeResultsDirectory="60ae7044-6c66-4d16-abdf-7c9d38ad8316">
    </UnitTestResult>
    <UnitTestResult executionId="19e8ee9e-41d4-427e-b182-0587735d6bec" testId="17256c8f-cdf6-2978-d2dd-fbe9397ae378" testName="OddsDenominatorTest" computerName="LTJTHARPE89730" duration="00:00:00.0026726" startTime="2012-12-26T12:28:11.8803592-05:00" endTime="2012-12-26T12:28:11.8853592-05:00" testType="13cdc9d9-ddb5-4fa4-a97d-d965ccfc6d4b" outcome="Passed" testListId="8c84fa94-04c1-424b-9868-57a2d4851a1d" relativeResultsDirectory="19e8ee9e-41d4-427e-b182-0587735d6bec">
    </UnitTestResult>
    <UnitTestResult executionId="a4b5903b-a462-4292-bb8a-f29a8ff0ee49" testId="7519194b-814d-61c2-7972-1ffe6df61afd" testName="PickItemWith100PercentProbabilityTest" computerName="LTJTHARPE89730" duration="00:00:00.0011903" startTime="2012-12-26T12:28:11.8883592-05:00" endTime="2012-12-26T12:28:11.8913592-05:00" testType="13cdc9d9-ddb5-4fa4-a97d-d965ccfc6d4b" outcome="Passed" testListId="8c84fa94-04c1-424b-9868-57a2d4851a1d" relativeResultsDirectory="a4b5903b-a462-4292-bb8a-f29a8ff0ee49">
    </UnitTestResult>
    <UnitTestResult executionId="4b0367ef-8c15-432b-afc2-f95be8148264" testId="88749cb4-1710-fcbb-4ab2-d1ddf604bc67" testName="PickItemWithUnevenProbabilityTest" computerName="LTJTHARPE89730" duration="00:00:00.0102368" startTime="2012-12-26T12:28:11.8943592-05:00" endTime="2012-12-26T12:28:11.9073592-05:00" testType="13cdc9d9-ddb5-4fa4-a97d-d965ccfc6d4b" outcome="Passed" testListId="8c84fa94-04c1-424b-9868-57a2d4851a1d" relativeResultsDirectory="4b0367ef-8c15-432b-afc2-f95be8148264">
    </UnitTestResult>
    <UnitTestResult executionId="00a7e488-1e0d-4733-87e0-4291e0d2ad0a" testId="3df89845-2a4b-4282-373a-01ab1e5b04b2" testName="GetPropertyValueTest" computerName="LTJTHARPE89730" duration="00:00:00.0015047" startTime="2012-12-26T12:28:11.9093592-05:00" endTime="2012-12-26T12:28:11.9133592-05:00" testType="13cdc9d9-ddb5-4fa4-a97d-d965ccfc6d4b" outcome="Passed" testListId="8c84fa94-04c1-424b-9868-57a2d4851a1d" relativeResultsDirectory="00a7e488-1e0d-4733-87e0-4291e0d2ad0a">
    </UnitTestResult>
    <UnitTestResult executionId="81cbdbc7-f2c8-4767-b72f-3949a28ec457" testId="17cb2427-60b3-0a23-27ba-f218a5cdaa43" testName="SetPropertyValueTest" computerName="LTJTHARPE89730" duration="00:00:00.0004317" startTime="2012-12-26T12:28:11.9173592-05:00" endTime="2012-12-26T12:28:11.9203592-05:00" testType="13cdc9d9-ddb5-4fa4-a97d-d965ccfc6d4b" outcome="Passed" testListId="8c84fa94-04c1-424b-9868-57a2d4851a1d" relativeResultsDirectory="81cbdbc7-f2c8-4767-b72f-3949a28ec457">
    </UnitTestResult>
    <UnitTestResult executionId="89f2b3fe-cdae-4d4e-8060-edb8635a4ed0" testId="6e2d40e4-6eee-996c-8440-3ee1a8dc374c" testName="FirstTest" computerName="LTJTHARPE89730" duration="00:00:00.0005720" startTime="2012-12-26T12:28:11.9223592-05:00" endTime="2012-12-26T12:28:11.9263592-05:00" testType="13cdc9d9-ddb5-4fa4-a97d-d965ccfc6d4b" outcome="Passed" testListId="8c84fa94-04c1-424b-9868-57a2d4851a1d" relativeResultsDirectory="89f2b3fe-cdae-4d4e-8060-edb8635a4ed0">
    </UnitTestResult>
    <UnitTestResult executionId="287220ac-fdd0-4880-b6dc-82eaffa2f436" testId="4f00dec8-6c97-9628-6430-9ed7558e2d40" testName="HtmlTag_ToRegExTest" computerName="LTJTHARPE89730" duration="00:00:00.0006028" startTime="2012-12-26T12:28:11.9283592-05:00" endTime="2012-12-26T12:28:11.9323592-05:00" testType="13cdc9d9-ddb5-4fa4-a97d-d965ccfc6d4b" outcome="Passed" testListId="8c84fa94-04c1-424b-9868-57a2d4851a1d" relativeResultsDirectory="287220ac-fdd0-4880-b6dc-82eaffa2f436">
    </UnitTestResult>
    <UnitTestResult executionId="1ff37842-4978-4aa1-9ed4-e3a34d128a65" testId="e97b3792-b9ef-9281-fe66-e4c51bc04bfb" testName="IsInUsaPostalCodeFormatTest" computerName="LTJTHARPE89730" duration="00:00:00.0007639" startTime="2012-12-26T12:28:11.9353592-05:00" endTime="2012-12-26T12:28:11.9383592-05:00" testType="13cdc9d9-ddb5-4fa4-a97d-d965ccfc6d4b" outcome="Passed" testListId="8c84fa94-04c1-424b-9868-57a2d4851a1d" relativeResultsDirectory="1ff37842-4978-4aa1-9ed4-e3a34d128a65">
    </UnitTestResult>
    <UnitTestResult executionId="21f6008d-8cc5-4b1f-969d-3f4a9b27c0e8" testId="55375cda-82df-e17e-51d9-745a75c14353" testName="Repeat0Test" computerName="LTJTHARPE89730" duration="00:00:00.0004441" startTime="2012-12-26T12:28:11.9403592-05:00" endTime="2012-12-26T12:28:11.9433592-05:00" testType="13cdc9d9-ddb5-4fa4-a97d-d965ccfc6d4b" outcome="Passed" testListId="8c84fa94-04c1-424b-9868-57a2d4851a1d" relativeResultsDirectory="21f6008d-8cc5-4b1f-969d-3f4a9b27c0e8">
    </UnitTestResult>
    <UnitTestResult executionId="fe95b3d7-0852-4381-afe3-59ee563b9f3c" testId="fe71f096-0078-4cde-459a-1d2651154a25" testName="Repeat1Test" computerName="LTJTHARPE89730" duration="00:00:00.0001687" startTime="2012-12-26T12:28:11.9463592-05:00" endTime="2012-12-26T12:28:11.9493592-05:00" testType="13cdc9d9-ddb5-4fa4-a97d-d965ccfc6d4b" outcome="Passed" testListId="8c84fa94-04c1-424b-9868-57a2d4851a1d" relativeResultsDirectory="fe95b3d7-0852-4381-afe3-59ee563b9f3c">
    </UnitTestResult>
    <UnitTestResult executionId="f544a522-6079-48fa-8329-ba13b6befc38" testId="3b5ed987-9325-7d71-2325-56cac9ecc9da" testName="Repeat2Test" computerName="LTJTHARPE89730" duration="00:00:00.0001900" startTime="2012-12-26T12:28:11.9513592-05:00" endTime="2012-12-26T12:28:11.9543592-05:00" testType="13cdc9d9-ddb5-4fa4-a97d-d965ccfc6d4b" outcome="Passed" testListId="8c84fa94-04c1-424b-9868-57a2d4851a1d" relativeResultsDirectory="f544a522-6079-48fa-8329-ba13b6befc38">
    </UnitTestResult>
    <UnitTestResult executionId="eabb239b-1cea-4af6-8f45-5802b7f4a717" testId="610a2533-4198-f593-aadf-94aea8e29944" testName="RepeatNegativeTest" computerName="LTJTHARPE89730" duration="00:00:00.0008693" startTime="2012-12-26T12:28:11.9573592-05:00" endTime="2012-12-26T12:28:11.9603592-05:00" testType="13cdc9d9-ddb5-4fa4-a97d-d965ccfc6d4b" outcome="Passed" testListId="8c84fa94-04c1-424b-9868-57a2d4851a1d" relativeResultsDirectory="eabb239b-1cea-4af6-8f45-5802b7f4a717">
    </UnitTestResult>
    <UnitTestResult executionId="d19b0624-80cc-4629-97da-323a4b6f9bc0" testId="92357ece-3679-698c-03d2-57e6232042d9" testName="DateRangeConstructorTest" computerName="LTJTHARPE89730" duration="00:00:00.0011382" startTime="2012-12-26T12:28:11.9633592-05:00" endTime="2012-12-26T12:28:11.9663592-05:00" testType="13cdc9d9-ddb5-4fa4-a97d-d965ccfc6d4b" outcome="Passed" testListId="8c84fa94-04c1-424b-9868-57a2d4851a1d" relativeResultsDirectory="d19b0624-80cc-4629-97da-323a4b6f9bc0">
    </UnitTestResult>
    <UnitTestResult executionId="00f449f4-4a37-4465-a809-b88384edf285" testId="800164f5-3286-3a8e-d1e1-2f2aaa9c3094" testName="DateRangeDefaultConstructorTest" computerName="LTJTHARPE89730" duration="00:00:00.0008758" startTime="2012-12-26T12:28:11.9693592-05:00" endTime="2012-12-26T12:28:11.9723592-05:00" testType="13cdc9d9-ddb5-4fa4-a97d-d965ccfc6d4b" outcome="Passed" testListId="8c84fa94-04c1-424b-9868-57a2d4851a1d" relativeResultsDirectory="00f449f4-4a37-4465-a809-b88384edf285">
    </UnitTestResult>
    <UnitTestResult executionId="f41225f8-c44e-4495-864c-8ccdbc9cc004" testId="9b8acf7f-9042-0b1f-16f6-a06209de14c3" testName="EqualsTest" computerName="LTJTHARPE89730" duration="00:00:00.0012548" startTime="2012-12-26T12:28:11.9753592-05:00" endTime="2012-12-26T12:28:11.9793592-05:00" testType="13cdc9d9-ddb5-4fa4-a97d-d965ccfc6d4b" outcome="Passed" testListId="8c84fa94-04c1-424b-9868-57a2d4851a1d" relativeResultsDirectory="f41225f8-c44e-4495-864c-8ccdbc9cc004">
    </UnitTestResult>
    <UnitTestResult executionId="c90d43de-e210-4016-9b89-529ef2577423" testId="8f3f0b16-2417-924c-06b0-2e14fb354fb1" testName="GetIntersectionTest" computerName="LTJTHARPE89730" duration="00:00:00.0011470" startTime="2012-12-26T12:28:11.9823592-05:00" endTime="2012-12-26T12:28:11.9853592-05:00" testType="13cdc9d9-ddb5-4fa4-a97d-d965ccfc6d4b" outcome="Passed" testListId="8c84fa94-04c1-424b-9868-57a2d4851a1d" relativeResultsDirectory="c90d43de-e210-4016-9b89-529ef2577423">
    </UnitTestResult>
    <UnitTestResult executionId="67a12176-3191-4db1-afbc-71c964284ec8" testId="1c3185f3-a770-e006-1304-3a67f8e5ab65" testName="IntersectsTest" computerName="LTJTHARPE89730" duration="00:00:00.0009469" startTime="2012-12-26T12:28:11.9883592-05:00" endTime="2012-12-26T12:28:11.9913592-05:00" testType="13cdc9d9-ddb5-4fa4-a97d-d965ccfc6d4b" outcome="Passed" testListId="8c84fa94-04c1-424b-9868-57a2d4851a1d" relativeResultsDirectory="67a12176-3191-4db1-afbc-71c964284ec8">
    </UnitTestResult>
    <UnitTestResult executionId="0e1cfd9f-2179-4765-82c2-0ef004bb826b" testId="068cbdd4-a886-5d49-ed01-a47182e4c911" testName="NowTest" computerName="LTJTHARPE89730" duration="00:00:00.0008249" startTime="2012-12-26T12:28:11.9953592-05:00" endTime="2012-12-26T12:28:11.9983592-05:00" testType="13cdc9d9-ddb5-4fa4-a97d-d965ccfc6d4b" outcome="Passed" testListId="8c84fa94-04c1-424b-9868-57a2d4851a1d" relativeResultsDirectory="0e1cfd9f-2179-4765-82c2-0ef004bb826b">
    </UnitTestResult>
    <UnitTestResult executionId="c0247305-e078-4273-9c09-a615be403baf" testId="1563af31-79ad-79c6-a134-e91d0d15592b" testName="OccursWithinTest" computerName="LTJTHARPE89730" duration="00:00:00.0005294" startTime="2012-12-26T12:28:12.0013592-05:00" endTime="2012-12-26T12:28:12.0033592-05:00" testType="13cdc9d9-ddb5-4fa4-a97d-d965ccfc6d4b" outcome="Passed" testListId="8c84fa94-04c1-424b-9868-57a2d4851a1d" relativeResultsDirectory="c0247305-e078-4273-9c09-a615be403baf">
    </UnitTestResult>
    <UnitTestResult executionId="4e2cea1d-d2a4-4e76-af04-41bfc823bb54" testId="b864f854-d0ee-a524-48bd-d09efb4bfdf8" testName="TimeSpanTest" computerName="LTJTHARPE89730" duration="00:00:00.0023954" startTime="2012-12-26T12:28:12.0063592-05:00" endTime="2012-12-26T12:28:12.0113592-05:00" testType="13cdc9d9-ddb5-4fa4-a97d-d965ccfc6d4b" outcome="Passed" testListId="8c84fa94-04c1-424b-9868-57a2d4851a1d" relativeResultsDirectory="4e2cea1d-d2a4-4e76-af04-41bfc823bb54">
    </UnitTestResult>
    <UnitTestResult executionId="32a1a058-ebd9-4579-9214-552fd38dbe99" testId="5561da94-2641-c456-79b0-89f07f806709" testName="TodayTest" computerName="LTJTHARPE89730" duration="00:00:00.0003742" startTime="2012-12-26T12:28:12.0143592-05:00" endTime="2012-12-26T12:28:12.0163592-05:00" testType="13cdc9d9-ddb5-4fa4-a97d-d965ccfc6d4b" outcome="Passed" testListId="8c84fa94-04c1-424b-9868-57a2d4851a1d" relativeResultsDirectory="32a1a058-ebd9-4579-9214-552fd38dbe99">
    </UnitTestResult>
  </Results>
</TestRun>