<?xml version="1.0" encoding="UTF-8"?>
<TestRun id="74cddb28-e614-4e83-aed8-aaf8ea0da8f2" name="jtharpe@LTJTHARPE89730 2012-12-26 12:28:20" runUser="ROLLINS\jtharpe" xmlns="http://microsoft.com/schemas/VisualStudio/TeamTest/2010">
  <TestSettings name="Default Test Settings" id="9adc9679-56df-416e-918c-2d1c506a4ab7">
    <Deployment userDeploymentRoot="D:\opensrc\Rolcore\src\build-artifacts\test-results" useDefaultDeploymentRoot="false" runDeploymentRoot="jtharpe_LTJTHARPE89730 2012-12-26 12_28_20" />
    <Execution>
      <TestTypeSpecific />
      <AgentRule name="Execution Agents">
      </AgentRule>
    </Execution>
  </TestSettings>
  <Times creation="2012-12-26T12:28:20.3373592-05:00" queuing="2012-12-26T12:28:20.8733592-05:00" start="2012-12-26T12:28:20.9733592-05:00" finish="2012-12-26T12:28:21.5013592-05:00" />
  <ResultSummary outcome="Completed">
    <Counters total="17" executed="17" passed="17" error="0" failed="0" timeout="0" aborted="0" inconclusive="0" passedButRunAborted="0" notRunnable="0" notExecuted="0" disconnected="0" warning="0" completed="0" inProgress="0" pending="0" />
  </ResultSummary>
  <TestDefinitions>
    <UnitTest name="ParseKeyWordsYahooDotComTest" storage="d:\opensrc\rolcore\src\build-artifacts\rollins.web.tests.dll" id="08e73e9f-c218-1686-07ee-0d84e4bdc6e6">
      <Execution id="acc4688a-bb47-4a46-a3f6-070ff87dd834" />
      <TestMethod codeBase="D:/opensrc/Rolcore/src/build-artifacts/Rollins.Web.Tests.DLL" adapterTypeName="Microsoft.VisualStudio.TestTools.TestTypes.Unit.UnitTestAdapter, Microsoft.VisualStudio.QualityTools.Tips.UnitTest.Adapter, Version=11.0.0.0, Culture=neutral, PublicKeyToken=b03f5f7f11d50a3a" className="Rollins.Web.Tests.UriExtensionsTest, Rollins.Web.Tests, Version=0.0.4743.22443, Culture=neutral, PublicKeyToken=null" name="ParseKeyWordsYahooDotComTest" />
    </UnitTest>
    <UnitTest name="ParseKeyWordsYellowpagesDotComTest" storage="d:\opensrc\rolcore\src\build-artifacts\rollins.web.tests.dll" id="0519c5e8-9473-b513-7890-9d241879a898">
      <Execution id="4f8c61ba-fce7-487a-a71b-699080a5511c" />
      <TestMethod codeBase="D:/opensrc/Rolcore/src/build-artifacts/Rollins.Web.Tests.DLL" adapterTypeName="Microsoft.VisualStudio.TestTools.TestTypes.Unit.UnitTestAdapter, Microsoft.VisualStudio.QualityTools.Tips.UnitTest.Adapter, Version=11.0.0.0, Culture=neutral, PublicKeyToken=b03f5f7f11d50a3a" className="Rollins.Web.Tests.UriExtensionsTest, Rollins.Web.Tests, Version=0.0.4743.22443, Culture=neutral, PublicKeyToken=null" name="ParseKeyWordsYellowpagesDotComTest" />
    </UnitTest>
    <UnitTest name="ParseKeyWordsEmptyUriTest" storage="d:\opensrc\rolcore\src\build-artifacts\rollins.web.tests.dll" id="5ebcd1b4-574e-dfc0-4dd4-1e6647a92688">
      <Execution id="7154ed20-32ec-434e-8b13-6df1d94780bc" />
      <TestMethod codeBase="D:/opensrc/Rolcore/src/build-artifacts/Rollins.Web.Tests.DLL" adapterTypeName="Microsoft.VisualStudio.TestTools.TestTypes.Unit.UnitTestAdapter, Microsoft.VisualStudio.QualityTools.Tips.UnitTest.Adapter, Version=11.0.0.0, Culture=neutral, PublicKeyToken=b03f5f7f11d50a3a" className="Rollins.Web.Tests.UriExtensionsTest, Rollins.Web.Tests, Version=0.0.4743.22443, Culture=neutral, PublicKeyToken=null" name="ParseKeyWordsEmptyUriTest" />
    </UnitTest>
    <UnitTest name="ParseKeyWordsNetscapeDotComTest" storage="d:\opensrc\rolcore\src\build-artifacts\rollins.web.tests.dll" id="32c64b6e-7e46-7eff-a63f-275b1bad8f29">
      <Execution id="36c2f288-84ec-4ea0-a8f3-e39cb64078d4" />
      <TestMethod codeBase="D:/opensrc/Rolcore/src/build-artifacts/Rollins.Web.Tests.DLL" adapterTypeName="Microsoft.VisualStudio.TestTools.TestTypes.Unit.UnitTestAdapter, Microsoft.VisualStudio.QualityTools.Tips.UnitTest.Adapter, Version=11.0.0.0, Culture=neutral, PublicKeyToken=b03f5f7f11d50a3a" className="Rollins.Web.Tests.UriExtensionsTest, Rollins.Web.Tests, Version=0.0.4743.22443, Culture=neutral, PublicKeyToken=null" name="ParseKeyWordsNetscapeDotComTest" />
    </UnitTest>
    <UnitTest name="ReplaceQSValuesTest" storage="d:\opensrc\rolcore\src\build-artifacts\rollins.web.tests.dll" id="b5851b48-412c-bda0-ffc3-607031c6f3ff">
      <Execution id="956cec9b-2d8b-48f2-9af9-325bc694a51c" />
      <TestMethod codeBase="D:/opensrc/Rolcore/src/build-artifacts/Rollins.Web.Tests.DLL" adapterTypeName="Microsoft.VisualStudio.TestTools.TestTypes.Unit.UnitTestAdapter, Microsoft.VisualStudio.QualityTools.Tips.UnitTest.Adapter, Version=11.0.0.0, Culture=neutral, PublicKeyToken=b03f5f7f11d50a3a" className="Rolcore.Web.Tests.HttpUtilsTest, Rollins.Web.Tests, Version=0.0.4743.22443, Culture=neutral, PublicKeyToken=null" name="ReplaceQSValuesTest" />
    </UnitTest>
    <UnitTest name="ParseKeyWordsInformationDotComTest" storage="d:\opensrc\rolcore\src\build-artifacts\rollins.web.tests.dll" id="b42416a6-9974-53be-0177-816de9bb00c1">
      <Execution id="4a24aa95-24a9-4bb4-8bda-7e9c3b84d7e6" />
      <TestMethod codeBase="D:/opensrc/Rolcore/src/build-artifacts/Rollins.Web.Tests.DLL" adapterTypeName="Microsoft.VisualStudio.TestTools.TestTypes.Unit.UnitTestAdapter, Microsoft.VisualStudio.QualityTools.Tips.UnitTest.Adapter, Version=11.0.0.0, Culture=neutral, PublicKeyToken=b03f5f7f11d50a3a" className="Rollins.Web.Tests.UriExtensionsTest, Rollins.Web.Tests, Version=0.0.4743.22443, Culture=neutral, PublicKeyToken=null" name="ParseKeyWordsInformationDotComTest" />
    </UnitTest>
    <UnitTest name="ToUriTest" storage="d:\opensrc\rolcore\src\build-artifacts\rollins.web.tests.dll" id="67f0376a-8fbc-4279-8b77-0b0394bd717b">
      <Execution id="23d8e755-4daf-40db-9849-ea3782e7eb25" />
      <TestMethod codeBase="D:/opensrc/Rolcore/src/build-artifacts/Rollins.Web.Tests.DLL" adapterTypeName="Microsoft.VisualStudio.TestTools.TestTypes.Unit.UnitTestAdapter, Microsoft.VisualStudio.QualityTools.Tips.UnitTest.Adapter, Version=11.0.0.0, Culture=neutral, PublicKeyToken=b03f5f7f11d50a3a" className="Rolcore.Web.Tests.StringExtensionsTest, Rollins.Web.Tests, Version=0.0.4743.22443, Culture=neutral, PublicKeyToken=null" name="ToUriTest" />
    </UnitTest>
    <UnitTest name="ParseKeyWordsSwitchboardDotComTest" storage="d:\opensrc\rolcore\src\build-artifacts\rollins.web.tests.dll" id="30acef11-8f63-d2ab-a826-59ae1c979e3f">
      <Execution id="7b79e09b-35c0-4ac2-8a27-bf45661a58c7" />
      <TestMethod codeBase="D:/opensrc/Rolcore/src/build-artifacts/Rollins.Web.Tests.DLL" adapterTypeName="Microsoft.VisualStudio.TestTools.TestTypes.Unit.UnitTestAdapter, Microsoft.VisualStudio.QualityTools.Tips.UnitTest.Adapter, Version=11.0.0.0, Culture=neutral, PublicKeyToken=b03f5f7f11d50a3a" className="Rollins.Web.Tests.UriExtensionsTest, Rollins.Web.Tests, Version=0.0.4743.22443, Culture=neutral, PublicKeyToken=null" name="ParseKeyWordsSwitchboardDotComTest" />
    </UnitTest>
    <UnitTest name="ParseKeyWordsPestanalysisComTest" storage="d:\opensrc\rolcore\src\build-artifacts\rollins.web.tests.dll" id="f8241773-a118-8462-a74b-1335de841651">
      <Execution id="6a58a400-6796-4cbf-8759-14edfd6a6ddd" />
      <TestMethod codeBase="D:/opensrc/Rolcore/src/build-artifacts/Rollins.Web.Tests.DLL" adapterTypeName="Microsoft.VisualStudio.TestTools.TestTypes.Unit.UnitTestAdapter, Microsoft.VisualStudio.QualityTools.Tips.UnitTest.Adapter, Version=11.0.0.0, Culture=neutral, PublicKeyToken=b03f5f7f11d50a3a" className="Rollins.Web.Tests.UriExtensionsTest, Rollins.Web.Tests, Version=0.0.4743.22443, Culture=neutral, PublicKeyToken=null" name="ParseKeyWordsPestanalysisComTest" />
    </UnitTest>
    <UnitTest name="ParseKeyWordsAttDotNetTest" storage="d:\opensrc\rolcore\src\build-artifacts\rollins.web.tests.dll" id="1c82ee50-e71f-9c9e-3957-caccd732372c">
      <Execution id="8b018d39-f567-4389-a524-73fba4cda664" />
      <TestMethod codeBase="D:/opensrc/Rolcore/src/build-artifacts/Rollins.Web.Tests.DLL" adapterTypeName="Microsoft.VisualStudio.TestTools.TestTypes.Unit.UnitTestAdapter, Microsoft.VisualStudio.QualityTools.Tips.UnitTest.Adapter, Version=11.0.0.0, Culture=neutral, PublicKeyToken=b03f5f7f11d50a3a" className="Rollins.Web.Tests.UriExtensionsTest, Rollins.Web.Tests, Version=0.0.4743.22443, Culture=neutral, PublicKeyToken=null" name="ParseKeyWordsAttDotNetTest" />
    </UnitTest>
    <UnitTest name="ParseKeyWordsAolDotComTest" storage="d:\opensrc\rolcore\src\build-artifacts\rollins.web.tests.dll" id="e35ebbce-61b1-45a5-cf78-0083d96f01f6">
      <Execution id="ac222dd3-6c71-47b1-9460-d90e0e59a1df" />
      <TestMethod codeBase="D:/opensrc/Rolcore/src/build-artifacts/Rollins.Web.Tests.DLL" adapterTypeName="Microsoft.VisualStudio.TestTools.TestTypes.Unit.UnitTestAdapter, Microsoft.VisualStudio.QualityTools.Tips.UnitTest.Adapter, Version=11.0.0.0, Culture=neutral, PublicKeyToken=b03f5f7f11d50a3a" className="Rollins.Web.Tests.UriExtensionsTest, Rollins.Web.Tests, Version=0.0.4743.22443, Culture=neutral, PublicKeyToken=null" name="ParseKeyWordsAolDotComTest" />
    </UnitTest>
    <UnitTest name="CreateAttributeRegExTest" storage="d:\opensrc\rolcore\src\build-artifacts\rollins.web.tests.dll" id="100e18e4-140d-a75b-e049-00697470879b">
      <Execution id="dd20db9d-8c2f-41e6-83ec-a4397057bba5" />
      <TestMethod codeBase="D:/opensrc/Rolcore/src/build-artifacts/Rollins.Web.Tests.DLL" adapterTypeName="Microsoft.VisualStudio.TestTools.TestTypes.Unit.UnitTestAdapter, Microsoft.VisualStudio.QualityTools.Tips.UnitTest.Adapter, Version=11.0.0.0, Culture=neutral, PublicKeyToken=b03f5f7f11d50a3a" className="Rollins.Web.Tests.HtmlUtilsTest, Rollins.Web.Tests, Version=0.0.4743.22443, Culture=neutral, PublicKeyToken=null" name="CreateAttributeRegExTest" />
    </UnitTest>
    <UnitTest name="ContainsHtmlPositiveTest" storage="d:\opensrc\rolcore\src\build-artifacts\rollins.web.tests.dll" id="3795b2ff-dca1-c1b9-c30d-60e033882f0f">
      <Execution id="e2bdd6fc-1c42-4774-b8f8-61a7a373fc84" />
      <TestMethod codeBase="D:/opensrc/Rolcore/src/build-artifacts/Rollins.Web.Tests.DLL" adapterTypeName="Microsoft.VisualStudio.TestTools.TestTypes.Unit.UnitTestAdapter, Microsoft.VisualStudio.QualityTools.Tips.UnitTest.Adapter, Version=11.0.0.0, Culture=neutral, PublicKeyToken=b03f5f7f11d50a3a" className="Rolcore.Web.Tests.StringExtensionsTest, Rollins.Web.Tests, Version=0.0.4743.22443, Culture=neutral, PublicKeyToken=null" name="ContainsHtmlPositiveTest" />
    </UnitTest>
    <UnitTest name="ParseKeyWordsEntryNotFoundDotComTest" storage="d:\opensrc\rolcore\src\build-artifacts\rollins.web.tests.dll" id="1ed41533-ee94-cd7b-94d4-35569975695e">
      <Execution id="c7115edb-62bc-494d-9827-1c062b24640b" />
      <TestMethod codeBase="D:/opensrc/Rolcore/src/build-artifacts/Rollins.Web.Tests.DLL" adapterTypeName="Microsoft.VisualStudio.TestTools.TestTypes.Unit.UnitTestAdapter, Microsoft.VisualStudio.QualityTools.Tips.UnitTest.Adapter, Version=11.0.0.0, Culture=neutral, PublicKeyToken=b03f5f7f11d50a3a" className="Rollins.Web.Tests.UriExtensionsTest, Rollins.Web.Tests, Version=0.0.4743.22443, Culture=neutral, PublicKeyToken=null" name="ParseKeyWordsEntryNotFoundDotComTest" />
    </UnitTest>
    <UnitTest name="ToUriEmptyStringTest" storage="d:\opensrc\rolcore\src\build-artifacts\rollins.web.tests.dll" id="dd38b72e-056a-792d-6090-7d8614909bd8">
      <Execution id="c3dc5c5c-b859-4324-bac1-c69e49dc0f2e" />
      <TestMethod codeBase="D:/opensrc/Rolcore/src/build-artifacts/Rollins.Web.Tests.DLL" adapterTypeName="Microsoft.VisualStudio.TestTools.TestTypes.Unit.UnitTestAdapter, Microsoft.VisualStudio.QualityTools.Tips.UnitTest.Adapter, Version=11.0.0.0, Culture=neutral, PublicKeyToken=b03f5f7f11d50a3a" className="Rolcore.Web.Tests.StringExtensionsTest, Rollins.Web.Tests, Version=0.0.4743.22443, Culture=neutral, PublicKeyToken=null" name="ToUriEmptyStringTest" />
    </UnitTest>
    <UnitTest name="ParseKeyWordsVerizonDotNetTest" storage="d:\opensrc\rolcore\src\build-artifacts\rollins.web.tests.dll" id="1c808830-8679-260a-3abd-26cdd566d283">
      <Execution id="f95b1ef2-ccbb-4986-881f-f1607c4d352e" />
      <TestMethod codeBase="D:/opensrc/Rolcore/src/build-artifacts/Rollins.Web.Tests.DLL" adapterTypeName="Microsoft.VisualStudio.TestTools.TestTypes.Unit.UnitTestAdapter, Microsoft.VisualStudio.QualityTools.Tips.UnitTest.Adapter, Version=11.0.0.0, Culture=neutral, PublicKeyToken=b03f5f7f11d50a3a" className="Rollins.Web.Tests.UriExtensionsTest, Rollins.Web.Tests, Version=0.0.4743.22443, Culture=neutral, PublicKeyToken=null" name="ParseKeyWordsVerizonDotNetTest" />
    </UnitTest>
    <UnitTest name="RenderControlToStringTest" storage="d:\opensrc\rolcore\src\build-artifacts\rollins.web.tests.dll" id="1077823e-d6a3-5e2a-1807-807cf7788826">
      <Execution id="8572b019-7c71-4652-89cd-df2332026eff" />
      <TestMethod codeBase="D:/opensrc/Rolcore/src/build-artifacts/Rollins.Web.Tests.DLL" adapterTypeName="Microsoft.VisualStudio.TestTools.TestTypes.Unit.UnitTestAdapter, Microsoft.VisualStudio.QualityTools.Tips.UnitTest.Adapter, Version=11.0.0.0, Culture=neutral, PublicKeyToken=b03f5f7f11d50a3a" className="Rollins.Web.Tests.ControlExtensionsTest, Rollins.Web.Tests, Version=0.0.4743.22443, Culture=neutral, PublicKeyToken=null" name="RenderControlToStringTest" />
    </UnitTest>
  </TestDefinitions>
  <TestLists>
    <TestList name="Results Not in a List" id="8c84fa94-04c1-424b-9868-57a2d4851a1d" />
    <TestList name="All Loaded Results" id="19431567-8539-422a-85d7-44ee4e166bda" />
  </TestLists>
  <TestEntries>
    <TestEntry testId="b5851b48-412c-bda0-ffc3-607031c6f3ff" executionId="956cec9b-2d8b-48f2-9af9-325bc694a51c" testListId="8c84fa94-04c1-424b-9868-57a2d4851a1d" />
    <TestEntry testId="3795b2ff-dca1-c1b9-c30d-60e033882f0f" executionId="e2bdd6fc-1c42-4774-b8f8-61a7a373fc84" testListId="8c84fa94-04c1-424b-9868-57a2d4851a1d" />
    <TestEntry testId="dd38b72e-056a-792d-6090-7d8614909bd8" executionId="c3dc5c5c-b859-4324-bac1-c69e49dc0f2e" testListId="8c84fa94-04c1-424b-9868-57a2d4851a1d" />
    <TestEntry testId="67f0376a-8fbc-4279-8b77-0b0394bd717b" executionId="23d8e755-4daf-40db-9849-ea3782e7eb25" testListId="8c84fa94-04c1-424b-9868-57a2d4851a1d" />
    <TestEntry testId="1077823e-d6a3-5e2a-1807-807cf7788826" executionId="8572b019-7c71-4652-89cd-df2332026eff" testListId="8c84fa94-04c1-424b-9868-57a2d4851a1d" />
    <TestEntry testId="100e18e4-140d-a75b-e049-00697470879b" executionId="dd20db9d-8c2f-41e6-83ec-a4397057bba5" testListId="8c84fa94-04c1-424b-9868-57a2d4851a1d" />
    <TestEntry testId="e35ebbce-61b1-45a5-cf78-0083d96f01f6" executionId="ac222dd3-6c71-47b1-9460-d90e0e59a1df" testListId="8c84fa94-04c1-424b-9868-57a2d4851a1d" />
    <TestEntry testId="1c82ee50-e71f-9c9e-3957-caccd732372c" executionId="8b018d39-f567-4389-a524-73fba4cda664" testListId="8c84fa94-04c1-424b-9868-57a2d4851a1d" />
    <TestEntry testId="5ebcd1b4-574e-dfc0-4dd4-1e6647a92688" executionId="7154ed20-32ec-434e-8b13-6df1d94780bc" testListId="8c84fa94-04c1-424b-9868-57a2d4851a1d" />
    <TestEntry testId="1ed41533-ee94-cd7b-94d4-35569975695e" executionId="c7115edb-62bc-494d-9827-1c062b24640b" testListId="8c84fa94-04c1-424b-9868-57a2d4851a1d" />
    <TestEntry testId="b42416a6-9974-53be-0177-816de9bb00c1" executionId="4a24aa95-24a9-4bb4-8bda-7e9c3b84d7e6" testListId="8c84fa94-04c1-424b-9868-57a2d4851a1d" />
    <TestEntry testId="32c64b6e-7e46-7eff-a63f-275b1bad8f29" executionId="36c2f288-84ec-4ea0-a8f3-e39cb64078d4" testListId="8c84fa94-04c1-424b-9868-57a2d4851a1d" />
    <TestEntry testId="f8241773-a118-8462-a74b-1335de841651" executionId="6a58a400-6796-4cbf-8759-14edfd6a6ddd" testListId="8c84fa94-04c1-424b-9868-57a2d4851a1d" />
    <TestEntry testId="30acef11-8f63-d2ab-a826-59ae1c979e3f" executionId="7b79e09b-35c0-4ac2-8a27-bf45661a58c7" testListId="8c84fa94-04c1-424b-9868-57a2d4851a1d" />
    <TestEntry testId="1c808830-8679-260a-3abd-26cdd566d283" executionId="f95b1ef2-ccbb-4986-881f-f1607c4d352e" testListId="8c84fa94-04c1-424b-9868-57a2d4851a1d" />
    <TestEntry testId="08e73e9f-c218-1686-07ee-0d84e4bdc6e6" executionId="acc4688a-bb47-4a46-a3f6-070ff87dd834" testListId="8c84fa94-04c1-424b-9868-57a2d4851a1d" />
    <TestEntry testId="0519c5e8-9473-b513-7890-9d241879a898" executionId="4f8c61ba-fce7-487a-a71b-699080a5511c" testListId="8c84fa94-04c1-424b-9868-57a2d4851a1d" />
  </TestEntries>
  <Results>
    <UnitTestResult executionId="956cec9b-2d8b-48f2-9af9-325bc694a51c" testId="b5851b48-412c-bda0-ffc3-607031c6f3ff" testName="ReplaceQSValuesTest" computerName="LTJTHARPE89730" duration="00:00:00.0231947" startTime="2012-12-26T12:28:21.0113592-05:00" endTime="2012-12-26T12:28:21.3063592-05:00" testType="13cdc9d9-ddb5-4fa4-a97d-d965ccfc6d4b" outcome="Passed" testListId="8c84fa94-04c1-424b-9868-57a2d4851a1d" relativeResultsDirectory="956cec9b-2d8b-48f2-9af9-325bc694a51c">
    </UnitTestResult>
    <UnitTestResult executionId="e2bdd6fc-1c42-4774-b8f8-61a7a373fc84" testId="3795b2ff-dca1-c1b9-c30d-60e033882f0f" testName="ContainsHtmlPositiveTest" computerName="LTJTHARPE89730" duration="00:00:00.0023042" startTime="2012-12-26T12:28:21.3093592-05:00" endTime="2012-12-26T12:28:21.3163592-05:00" testType="13cdc9d9-ddb5-4fa4-a97d-d965ccfc6d4b" outcome="Passed" testListId="8c84fa94-04c1-424b-9868-57a2d4851a1d" relativeResultsDirectory="e2bdd6fc-1c42-4774-b8f8-61a7a373fc84">
    </UnitTestResult>
    <UnitTestResult executionId="c3dc5c5c-b859-4324-bac1-c69e49dc0f2e" testId="dd38b72e-056a-792d-6090-7d8614909bd8" testName="ToUriEmptyStringTest" computerName="LTJTHARPE89730" duration="00:00:00.0050449" startTime="2012-12-26T12:28:21.3193592-05:00" endTime="2012-12-26T12:28:21.3273592-05:00" testType="13cdc9d9-ddb5-4fa4-a97d-d965ccfc6d4b" outcome="Passed" testListId="8c84fa94-04c1-424b-9868-57a2d4851a1d" relativeResultsDirectory="c3dc5c5c-b859-4324-bac1-c69e49dc0f2e">
    </UnitTestResult>
    <UnitTestResult executionId="23d8e755-4daf-40db-9849-ea3782e7eb25" testId="67f0376a-8fbc-4279-8b77-0b0394bd717b" testName="ToUriTest" computerName="LTJTHARPE89730" duration="00:00:00.0001841" startTime="2012-12-26T12:28:21.3313592-05:00" endTime="2012-12-26T12:28:21.3333592-05:00" testType="13cdc9d9-ddb5-4fa4-a97d-d965ccfc6d4b" outcome="Passed" testListId="8c84fa94-04c1-424b-9868-57a2d4851a1d" relativeResultsDirectory="23d8e755-4daf-40db-9849-ea3782e7eb25">
    </UnitTestResult>
    <UnitTestResult executionId="8572b019-7c71-4652-89cd-df2332026eff" testId="1077823e-d6a3-5e2a-1807-807cf7788826" testName="RenderControlToStringTest" computerName="LTJTHARPE89730" duration="00:00:00.0277920" startTime="2012-12-26T12:28:21.3363592-05:00" endTime="2012-12-26T12:28:21.3673592-05:00" testType="13cdc9d9-ddb5-4fa4-a97d-d965ccfc6d4b" outcome="Passed" testListId="8c84fa94-04c1-424b-9868-57a2d4851a1d" relativeResultsDirectory="8572b019-7c71-4652-89cd-df2332026eff">
    </UnitTestResult>
    <UnitTestResult executionId="dd20db9d-8c2f-41e6-83ec-a4397057bba5" testId="100e18e4-140d-a75b-e049-00697470879b" testName="CreateAttributeRegExTest" computerName="LTJTHARPE89730" duration="00:00:00.0010245" startTime="2012-12-26T12:28:21.3703592-05:00" endTime="2012-12-26T12:28:21.3743592-05:00" testType="13cdc9d9-ddb5-4fa4-a97d-d965ccfc6d4b" outcome="Passed" testListId="8c84fa94-04c1-424b-9868-57a2d4851a1d" relativeResultsDirectory="dd20db9d-8c2f-41e6-83ec-a4397057bba5">
    </UnitTestResult>
    <UnitTestResult executionId="ac222dd3-6c71-47b1-9460-d90e0e59a1df" testId="e35ebbce-61b1-45a5-cf78-0083d96f01f6" testName="ParseKeyWordsAolDotComTest" computerName="LTJTHARPE89730" duration="00:00:00.0031339" startTime="2012-12-26T12:28:21.3773592-05:00" endTime="2012-12-26T12:28:21.3833592-05:00" testType="13cdc9d9-ddb5-4fa4-a97d-d965ccfc6d4b" outcome="Passed" testListId="8c84fa94-04c1-424b-9868-57a2d4851a1d" relativeResultsDirectory="ac222dd3-6c71-47b1-9460-d90e0e59a1df">
    </UnitTestResult>
    <UnitTestResult executionId="8b018d39-f567-4389-a524-73fba4cda664" testId="1c82ee50-e71f-9c9e-3957-caccd732372c" testName="ParseKeyWordsAttDotNetTest" computerName="LTJTHARPE89730" duration="00:00:00.0015041" startTime="2012-12-26T12:28:21.3863592-05:00" endTime="2012-12-26T12:28:21.3903592-05:00" testType="13cdc9d9-ddb5-4fa4-a97d-d965ccfc6d4b" outcome="Passed" testListId="8c84fa94-04c1-424b-9868-57a2d4851a1d" relativeResultsDirectory="8b018d39-f567-4389-a524-73fba4cda664">
    </UnitTestResult>
    <UnitTestResult executionId="7154ed20-32ec-434e-8b13-6df1d94780bc" testId="5ebcd1b4-574e-dfc0-4dd4-1e6647a92688" testName="ParseKeyWordsEmptyUriTest" computerName="LTJTHARPE89730" duration="00:00:00.0002291" startTime="2012-12-26T12:28:21.3933592-05:00" endTime="2012-12-26T12:28:21.3963592-05:00" testType="13cdc9d9-ddb5-4fa4-a97d-d965ccfc6d4b" outcome="Passed" testListId="8c84fa94-04c1-424b-9868-57a2d4851a1d" relativeResultsDirectory="7154ed20-32ec-434e-8b13-6df1d94780bc">
    </UnitTestResult>
    <UnitTestResult executionId="c7115edb-62bc-494d-9827-1c062b24640b" testId="1ed41533-ee94-cd7b-94d4-35569975695e" testName="ParseKeyWordsEntryNotFoundDotComTest" computerName="LTJTHARPE89730" duration="00:00:00.0002232" startTime="2012-12-26T12:28:21.3993592-05:00" endTime="2012-12-26T12:28:21.4023592-05:00" testType="13cdc9d9-ddb5-4fa4-a97d-d965ccfc6d4b" outcome="Passed" testListId="8c84fa94-04c1-424b-9868-57a2d4851a1d" relativeResultsDirectory="c7115edb-62bc-494d-9827-1c062b24640b">
    </UnitTestResult>
    <UnitTestResult executionId="4a24aa95-24a9-4bb4-8bda-7e9c3b84d7e6" testId="b42416a6-9974-53be-0177-816de9bb00c1" testName="ParseKeyWordsInformationDotComTest" computerName="LTJTHARPE89730" duration="00:00:00.0002392" startTime="2012-12-26T12:28:21.4053592-05:00" endTime="2012-12-26T12:28:21.4073592-05:00" testType="13cdc9d9-ddb5-4fa4-a97d-d965ccfc6d4b" outcome="Passed" testListId="8c84fa94-04c1-424b-9868-57a2d4851a1d" relativeResultsDirectory="4a24aa95-24a9-4bb4-8bda-7e9c3b84d7e6">
    </UnitTestResult>
    <UnitTestResult executionId="36c2f288-84ec-4ea0-a8f3-e39cb64078d4" testId="32c64b6e-7e46-7eff-a63f-275b1bad8f29" testName="ParseKeyWordsNetscapeDotComTest" computerName="LTJTHARPE89730" duration="00:00:00.0002836" startTime="2012-12-26T12:28:21.4103592-05:00" endTime="2012-12-26T12:28:21.4133592-05:00" testType="13cdc9d9-ddb5-4fa4-a97d-d965ccfc6d4b" outcome="Passed" testListId="8c84fa94-04c1-424b-9868-57a2d4851a1d" relativeResultsDirectory="36c2f288-84ec-4ea0-a8f3-e39cb64078d4">
    </UnitTestResult>
    <UnitTestResult executionId="6a58a400-6796-4cbf-8759-14edfd6a6ddd" testId="f8241773-a118-8462-a74b-1335de841651" testName="ParseKeyWordsPestanalysisComTest" computerName="LTJTHARPE89730" duration="00:00:00.0002540" startTime="2012-12-26T12:28:21.4163592-05:00" endTime="2012-12-26T12:28:21.4193592-05:00" testType="13cdc9d9-ddb5-4fa4-a97d-d965ccfc6d4b" outcome="Passed" testListId="8c84fa94-04c1-424b-9868-57a2d4851a1d" relativeResultsDirectory="6a58a400-6796-4cbf-8759-14edfd6a6ddd">
    </UnitTestResult>
    <UnitTestResult executionId="7b79e09b-35c0-4ac2-8a27-bf45661a58c7" testId="30acef11-8f63-d2ab-a826-59ae1c979e3f" testName="ParseKeyWordsSwitchboardDotComTest" computerName="LTJTHARPE89730" duration="00:00:00.0002552" startTime="2012-12-26T12:28:21.4223592-05:00" endTime="2012-12-26T12:28:21.4253592-05:00" testType="13cdc9d9-ddb5-4fa4-a97d-d965ccfc6d4b" outcome="Passed" testListId="8c84fa94-04c1-424b-9868-57a2d4851a1d" relativeResultsDirectory="7b79e09b-35c0-4ac2-8a27-bf45661a58c7">
    </UnitTestResult>
    <UnitTestResult executionId="f95b1ef2-ccbb-4986-881f-f1607c4d352e" testId="1c808830-8679-260a-3abd-26cdd566d283" testName="ParseKeyWordsVerizonDotNetTest" computerName="LTJTHARPE89730" duration="00:00:00.0003079" startTime="2012-12-26T12:28:21.4283592-05:00" endTime="2012-12-26T12:28:21.4323592-05:00" testType="13cdc9d9-ddb5-4fa4-a97d-d965ccfc6d4b" outcome="Passed" testListId="8c84fa94-04c1-424b-9868-57a2d4851a1d" relativeResultsDirectory="f95b1ef2-ccbb-4986-881f-f1607c4d352e">
    </UnitTestResult>
    <UnitTestResult executionId="acc4688a-bb47-4a46-a3f6-070ff87dd834" testId="08e73e9f-c218-1686-07ee-0d84e4bdc6e6" testName="ParseKeyWordsYahooDotComTest" computerName="LTJTHARPE89730" duration="00:00:00.0005027" startTime="2012-12-26T12:28:21.4353592-05:00" endTime="2012-12-26T12:28:21.4393592-05:00" testType="13cdc9d9-ddb5-4fa4-a97d-d965ccfc6d4b" outcome="Passed" testListId="8c84fa94-04c1-424b-9868-57a2d4851a1d" relativeResultsDirectory="acc4688a-bb47-4a46-a3f6-070ff87dd834">
    </UnitTestResult>
    <UnitTestResult executionId="4f8c61ba-fce7-487a-a71b-699080a5511c" testId="0519c5e8-9473-b513-7890-9d241879a898" testName="ParseKeyWordsYellowpagesDotComTest" computerName="LTJTHARPE89730" duration="00:00:00.0003428" startTime="2012-12-26T12:28:21.4433592-05:00" endTime="2012-12-26T12:28:21.4473592-05:00" testType="13cdc9d9-ddb5-4fa4-a97d-d965ccfc6d4b" outcome="Passed" testListId="8c84fa94-04c1-424b-9868-57a2d4851a1d" relativeResultsDirectory="4f8c61ba-fce7-487a-a71b-699080a5511c">
    </UnitTestResult>
  </Results>
</TestRun>